#
# A fatal error has been detected by the Java Runtime Environment:
#
#  EXCEPTION_ACCESS_VIOLATION (0xc0000005) at pc=0x00000000592f46f9, pid=12200, tid=7864
#
# JRE version: Java(TM) SE Runtime Environment (7.0_75-b13) (build 1.7.0_75-b13)
# Java VM: Java HotSpot(TM) 64-Bit Server VM (24.75-b04 mixed mode windows-amd64 compressed oops)
# Problematic frame:
# V  [jvm.dll+0x546f9]
#
# Failed to write core dump. Minidumps are not enabled by default on client versions of Windows
#
# If you would like to submit a bug report, please visit:
#   http://bugreport.sun.com/bugreport/crash.jsp
#

---------------  T H R E A D  ---------------

Current thread (0x000000000a56f000):  JavaThread "JDWP Transport Listener: dt_socket" daemon [_thread_in_vm, id=7864, stack(0x000000000bab0000,0x000000000bbb0000)]

siginfo: ExceptionCode=0xc0000005, reading address 0x000000000000000c

Registers:
RAX=0x000000000000000c, RBX=0x000000000a56f000, RCX=0x0000000000000003, RDX=0x0000000000000000
RSP=0x000000000bbaf8a0, RBP=0x000000000000000c, RSI=0x0000000000000000, RDI=0x0000000000000010
R8 =0x00000007d5d19d50, R9 =0x0000000000000000, R10=0x0000000000000000, R11=0x0000000000000001
R12=0x0000000000000000, R13=0x000000000a55ce28, R14=0x0000000000000000, R15=0x0000000000000000
RIP=0x00000000592f46f9, EFLAGS=0x0000000000010246

Top of Stack: (sp=0x000000000bbaf8a0)
0x000000000bbaf8a0:   000000000a56f000 0000000000000000
0x000000000bbaf8b0:   0000000000000000 000000000a56f000
0x000000000bbaf8c0:   0000000000000000 00000000593bd677
0x000000000bbaf8d0:   00000007d5d19d50 000000000bbaf9f0
0x000000000bbaf8e0:   000000000a569a28 000000000bbaf9c0
0x000000000bbaf8f0:   000000000a56f000 0000000000000000
0x000000000bbaf900:   000000000a569a28 000000000bbaf9f0
0x000000000bbaf910:   0000000000000000 000000000a55ce28
0x000000000bbaf920:   0000000000000000 00000000587d7d15
0x000000000bbaf930:   000000000bbaf9c0 000000000bbaf9f0
0x000000000bbaf940:   000000000a569a28 000000000a56f1e8
0x000000000bbaf950:   000000000a5a060a 00000000587df090
0x000000000bbaf960:   000000000a010a01 000000000bbafa60
0x000000000bbaf970:   000000000a55ca01 000000000a55ca01
0x000000000bbaf980:   0000086e00000013 000000000a010a00
0x000000000bbaf990:   000000000a586ae0 0000000059470d1d 

Instructions: (pc=0x00000000592f46f9)
0x00000000592f46d9:   d2 48 8b c5 eb 18 48 8b d0 48 8b c5 48 d3 e2 48
0x00000000592f46e9:   03 15 c1 21 6a 00 eb 06 48 8b 12 48 8b c7 48 98
0x00000000592f46f9:   8b 14 10 85 d2 74 2a 45 84 db 4c 63 c6 48 0f 45
0x00000000592f4709:   fd 8d 47 0b 48 63 c8 48 83 e1 f8 48 c1 e9 03 8d 


Register to memory mapping:

RAX=0x000000000000000c is an unknown value
RBX=0x000000000a56f000 is a thread
RCX=0x0000000000000003 is an unknown value
RDX=0x0000000000000000 is an unknown value
RSP=0x000000000bbaf8a0 is pointing into the stack for thread: 0x000000000a56f000
RBP=0x000000000000000c is an unknown value
RSI=0x0000000000000000 is an unknown value
RDI=0x0000000000000010 is an unknown value
R8 =0x00000007d5d19d50 is an oop
java.lang.String 
 - klass: 'java/lang/String'
R9 =0x0000000000000000 is an unknown value
R10=0x0000000000000000 is an unknown value
R11=0x0000000000000001 is an unknown value
R12=0x0000000000000000 is an unknown value
R13=0x000000000a55ce28 is an unknown value
R14=0x0000000000000000 is an unknown value
R15=0x0000000000000000 is an unknown value


Stack: [0x000000000bab0000,0x000000000bbb0000],  sp=0x000000000bbaf8a0,  free space=1022k
Native frames: (J=compiled Java code, j=interpreted, Vv=VM code, C=native code)
V  [jvm.dll+0x546f9]


---------------  P R O C E S S  ---------------

Java Threads: ( => current thread )
  0x000000000a58c800 JavaThread "Service Thread" daemon [_thread_blocked, id=192, stack(0x000000000bfb0000,0x000000000c0b0000)]
  0x000000000a589000 JavaThread "C2 CompilerThread1" daemon [_thread_blocked, id=9584, stack(0x000000000beb0000,0x000000000bfb0000)]
  0x000000000a58b800 JavaThread "C2 CompilerThread0" daemon [_thread_blocked, id=7568, stack(0x000000000bdb0000,0x000000000beb0000)]
  0x000000000a575000 JavaThread "JDWP Command Reader" daemon [_thread_in_native, id=9148, stack(0x000000000bcb0000,0x000000000bdb0000)]
  0x000000000a572000 JavaThread "JDWP Event Helper Thread" daemon [_thread_blocked, id=3096, stack(0x000000000bbb0000,0x000000000bcb0000)]
=>0x000000000a56f000 JavaThread "JDWP Transport Listener: dt_socket" daemon [_thread_in_vm, id=7864, stack(0x000000000bab0000,0x000000000bbb0000)]
  0x000000000a55e000 JavaThread "Attach Listener" daemon [_thread_blocked, id=12972, stack(0x000000000b9b0000,0x000000000bab0000)]
  0x000000000a55b000 JavaThread "Signal Dispatcher" daemon [_thread_blocked, id=10988, stack(0x000000000b8b0000,0x000000000b9b0000)]
  0x000000000a50e800 JavaThread "Finalizer" daemon [_thread_blocked, id=11388, stack(0x000000000b7b0000,0x000000000b8b0000)]
  0x000000000a505000 JavaThread "Reference Handler" daemon [_thread_blocked, id=12368, stack(0x000000000b6b0000,0x000000000b7b0000)]
  0x00000000021f0800 JavaThread "main" [_thread_blocked, id=7240, stack(0x00000000020f0000,0x00000000021f0000)]

Other Threads:
  0x000000000a500000 VMThread [stack: 0x000000000b5b0000,0x000000000b6b0000] [id=12336]
  0x000000000a5a1800 WatcherThread [stack: 0x000000000c0b0000,0x000000000c1b0000] [id=11012]

VM state:not at safepoint (normal execution)

VM Mutex/Monitor currently owned by a thread: None

Heap
 PSYoungGen      total 38400K, used 1997K [0x00000007d5c80000, 0x00000007d8700000, 0x0000000800000000)
  eden space 33280K, 6% used [0x00000007d5c80000,0x00000007d5e73430,0x00000007d7d00000)
  from space 5120K, 0% used [0x00000007d8200000,0x00000007d8200000,0x00000007d8700000)
  to   space 5120K, 0% used [0x00000007d7d00000,0x00000007d7d00000,0x00000007d8200000)
 ParOldGen       total 86016K, used 0K [0x0000000781600000, 0x0000000786a00000, 0x00000007d5c80000)
  object space 86016K, 0% used [0x0000000781600000,0x0000000781600000,0x0000000786a00000)
 PSPermGen       total 21504K, used 2601K [0x000000077c400000, 0x000000077d900000, 0x0000000781600000)
  object space 21504K, 12% used [0x000000077c400000,0x000000077c68a420,0x000000077d900000)

Card table byte_map: [0x00000000052f0000,0x0000000005710000] byte_map_base: 0x000000000170e000

Polling page: 0x0000000001c50000

Code Cache  [0x00000000022f0000, 0x0000000002560000, 0x00000000052f0000)
 total_blobs=162 nmethods=0 adapters=138 free_code_cache=48774Kb largest_free_block=49944512

Compilation events (0 events):
No events

GC Heap History (0 events):
No events

Deoptimization events (0 events):
No events

Internal exceptions (2 events):
Event: 0.029 Thread 0x00000000021f0800 Threw 0x00000007d5c8f650 at C:\re\jdk7u75\1940\hotspot\src\share\vm\prims\jni.cpp:3991
Event: 0.105 Thread 0x00000000021f0800 Threw 0x00000007d5d14950 at C:\re\jdk7u75\1940\hotspot\src\share\vm\prims\jvm.cpp:1281

Events (10 events):
Event: 88.233 Executing VM operation: GetCurrentLocation
Event: 88.233 Executing VM operation: GetCurrentLocation done
Event: 88.233 Executing VM operation: ChangeSingleStep
Event: 88.233 Executing VM operation: ChangeSingleStep done
Event: 88.235 Executing VM operation: ChangeSingleStep
Event: 88.235 Executing VM operation: ChangeSingleStep done
Event: 88.283 Executing VM operation: GetOrSetLocal
Event: 88.283 Executing VM operation: GetOrSetLocal done
Event: 88.640 Executing VM operation: GetOrSetLocal
Event: 88.640 Executing VM operation: GetOrSetLocal done


Dynamic libraries:
0x00007ff70b2b0000 - 0x00007ff70b2e3000 	F:\JDK 1.7\bin\javaw.exe
0x00007ffce59a0000 - 0x00007ffce5b49000 	C:\Windows\SYSTEM32\ntdll.dll
0x00007ffce36d0000 - 0x00007ffce3809000 	C:\Windows\system32\KERNEL32.DLL
0x00007ffce3120000 - 0x00007ffce322e000 	C:\Windows\system32\KERNELBASE.dll
0x00007ffce1950000 - 0x00007ffce19db000 	C:\Windows\system32\apphelp.dll
0x00007ffcdb060000 - 0x00007ffcdb0af000 	C:\Windows\AppPatch\AppPatch64\AcGenral.DLL
0x00007ffce56e0000 - 0x00007ffce5787000 	C:\Windows\system32\msvcrt.dll
0x00007ffce2bd0000 - 0x00007ffce2bfb000 	C:\Windows\SYSTEM32\SspiCli.dll
0x00007ffce34d0000 - 0x00007ffce3521000 	C:\Windows\system32\SHLWAPI.dll
0x00007ffce3550000 - 0x00007ffce36c1000 	C:\Windows\system32\USER32.dll
0x00007ffce38e0000 - 0x00007ffce3a56000 	C:\Windows\system32\ole32.dll
0x00007ffce3a60000 - 0x00007ffce4e6d000 	C:\Windows\system32\SHELL32.dll
0x00007ffce23b0000 - 0x00007ffce23cf000 	C:\Windows\SYSTEM32\USERENV.dll
0x00007ffce5790000 - 0x00007ffce5835000 	C:\Windows\system32\ADVAPI32.dll
0x00007ffcdb040000 - 0x00007ffcdb05b000 	C:\Windows\SYSTEM32\MPR.dll
0x00007ffce5160000 - 0x00007ffce5296000 	C:\Windows\system32\RPCRT4.dll
0x00007ffce33d0000 - 0x00007ffce3427000 	C:\Windows\SYSTEM32\sechost.dll
0x00007ffce4f20000 - 0x00007ffce50f7000 	C:\Windows\SYSTEM32\combase.dll
0x00007ffce5840000 - 0x00007ffce5985000 	C:\Windows\system32\GDI32.dll
0x00007ffce2d20000 - 0x00007ffce2d34000 	C:\Windows\SYSTEM32\profapi.dll
0x00007ffce1370000 - 0x00007ffce1411000 	C:\Windows\SYSTEM32\SHCORE.dll
0x00007ffce3430000 - 0x00007ffce3464000 	C:\Windows\system32\IMM32.DLL
0x00007ffce3230000 - 0x00007ffce3368000 	C:\Windows\system32\MSCTF.dll
0x00007ffce02e0000 - 0x00007ffce053a000 	C:\Windows\WinSxS\amd64_microsoft.windows.common-controls_6595b64144ccf1df_6.0.9600.16384_none_62475f7becb72503\COMCTL32.dll
0x0000000059a80000 - 0x0000000059b52000 	F:\JDK 1.7\jre\bin\msvcr100.dll
0x00000000592a0000 - 0x0000000059a74000 	F:\JDK 1.7\jre\bin\server\jvm.dll
0x00007ffcdb330000 - 0x00007ffcdb339000 	C:\Windows\SYSTEM32\WSOCK32.dll
0x00007ffcddd40000 - 0x00007ffcddd5f000 	C:\Windows\SYSTEM32\WINMM.dll
0x00007ffce4e70000 - 0x00007ffce4e77000 	C:\Windows\system32\PSAPI.DLL
0x00007ffce3470000 - 0x00007ffce34c8000 	C:\Windows\system32\WS2_32.dll
0x00007ffcddce0000 - 0x00007ffcddd0a000 	C:\Windows\SYSTEM32\WINMMBASE.dll
0x00007ffce52a0000 - 0x00007ffce52a9000 	C:\Windows\system32\NSI.dll
0x00007ffce30d0000 - 0x00007ffce311a000 	C:\Windows\SYSTEM32\cfgmgr32.dll
0x00007ffce1ba0000 - 0x00007ffce1bc6000 	C:\Windows\SYSTEM32\DEVOBJ.dll
0x0000000059290000 - 0x000000005929f000 	F:\JDK 1.7\jre\bin\verify.dll
0x0000000059260000 - 0x0000000059288000 	F:\JDK 1.7\jre\bin\java.dll
0x00000000587d0000 - 0x0000000058805000 	F:\JDK 1.7\jre\bin\jdwp.dll
0x00000000587c0000 - 0x00000000587c8000 	F:\JDK 1.7\jre\bin\npt.dll
0x0000000059240000 - 0x0000000059255000 	F:\JDK 1.7\jre\bin\zip.dll
0x00000000587b0000 - 0x00000000587b9000 	F:\JDK 1.7\jre\bin\dt_socket.dll
0x00007ffcdb150000 - 0x00007ffcdb164000 	C:\Windows\system32\napinsp.dll
0x00007ffcdb130000 - 0x00007ffcdb149000 	C:\Windows\system32\pnrpnsp.dll
0x00007ffcdee00000 - 0x00007ffcdee19000 	C:\Windows\system32\NLAapi.dll
0x00007ffce2650000 - 0x00007ffce26a8000 	C:\Windows\System32\mswsock.dll
0x00007ffce2460000 - 0x00007ffce2503000 	C:\Windows\SYSTEM32\DNSAPI.dll
0x00007ffcdb120000 - 0x00007ffcdb12c000 	C:\Windows\System32\winrnr.dll
0x00007ffcdb100000 - 0x00007ffcdb113000 	C:\Windows\system32\wshbth.dll
0x00007ffcdca80000 - 0x00007ffcdcae7000 	C:\Windows\System32\fwpuclnt.dll
0x00007ffcd8f30000 - 0x00007ffcd8f39000 	C:\Windows\System32\rasadhlp.dll
0x00007ffcdb390000 - 0x00007ffcdb518000 	C:\Windows\SYSTEM32\dbghelp.dll

VM Arguments:
jvm_args: -agentlib:jdwp=transport=dt_socket,suspend=y,address=localhost:49354 -Dfile.encoding=GBK 
java_command: zhen.huang.string.StringDemo1
Launcher Type: SUN_STANDARD

Environment Variables:
JAVA_HOME=F:\JDK 1.7
CLASSPATH=.;F:\JDK 1.7\lib\dt.jar;F:\JDK 1.7\lib\tools.jar;
PATH=F:/JDK 1.7/bin/../jre/bin/server;F:/JDK 1.7/bin/../jre/bin;F:/JDK 1.7/bin/../jre/lib/amd64;C:\Users\huangzhen\Desktop\apache-tomcat-7.0.61\bin;E:\hzSoftWare\mysql\bin;F:\JDK 1.7\bin;F:\JDK 1.7\jre\bin;C:\Windows\system32;C:\Windows;C:\Windows\System32\Wbem;C:\Windows\System32\WindowsPowerShell\v1.0\;C:\Program Files\TortoiseGit\bin;C:\Users\huangzhen\Desktop\eclipse;
USERNAME=huangzhen
OS=Windows_NT
PROCESSOR_IDENTIFIER=Intel64 Family 6 Model 69 Stepping 1, GenuineIntel



---------------  S Y S T E M  ---------------

OS: Windows 8.1 , 64 bit Build 9600 

CPU:total 4 (2 cores per cpu, 2 threads per core) family 6 model 69 stepping 1, cmov, cx8, fxsr, mmx, sse, sse2, sse3, ssse3, sse4.1, sse4.2, popcnt, avx, avx2, aes, erms, ht, tsc, tscinvbit

Memory: 4k page, physical 8292076k(2555392k free), swap 16680684k(6257160k free)

vm_info: Java HotSpot(TM) 64-Bit Server VM (24.75-b04) for windows-amd64 JRE (1.7.0_75-b13), built on Dec 18 2014 17:15:01 by "java_re" with unknown MS VC++:1600

time: Thu May 21 23:37:15 2015
elapsed time: 88 seconds

